0 info it worked if it ends with ok
1 verbose cli [ 'D:\\Program Files\\nodejs\\\\node.exe',
1 verbose cli   'D:\\Program Files\\nodejs\\node_modules\\npm\\bin\\npm-cli.js',
1 verbose cli   'publish' ]
2 info using npm@1.4.14
3 info using node@v0.10.29
4 verbose node symlink D:\Program Files\nodejs\\node.exe
5 verbose publish [ '.' ]
6 verbose cache add [ '.', null ]
7 verbose cache add name=undefined spec="." args=[".",null]
8 verbose parsed url { protocol: null,
8 verbose parsed url   slashes: null,
8 verbose parsed url   auth: null,
8 verbose parsed url   host: null,
8 verbose parsed url   port: null,
8 verbose parsed url   hostname: null,
8 verbose parsed url   hash: null,
8 verbose parsed url   search: null,
8 verbose parsed url   query: null,
8 verbose parsed url   pathname: '.',
8 verbose parsed url   path: '.',
8 verbose parsed url   href: '.' }
9 silly lockFile 3a52ce78- .
10 verbose lock . C:\Users\Sven\AppData\Roaming\npm-cache\3a52ce78-.lock
11 verbose tar pack [ 'C:\\Users\\Sven\\AppData\\Roaming\\npm-cache\\windows-eventreader\\0.0.4\\package.tgz',
11 verbose tar pack   '.' ]
12 verbose tarball C:\Users\Sven\AppData\Roaming\npm-cache\windows-eventreader\0.0.4\package.tgz
13 verbose folder .
14 info prepublish windows-eventreader@0.0.4
15 silly lockFile 1f1177db-tar tar://.
16 verbose lock tar://. C:\Users\Sven\AppData\Roaming\npm-cache\1f1177db-tar.lock
17 silly lockFile d40992d5-ws-eventreader-0-0-4-package-tgz tar://C:\Users\Sven\AppData\Roaming\npm-cache\windows-eventreader\0.0.4\package.tgz
18 verbose lock tar://C:\Users\Sven\AppData\Roaming\npm-cache\windows-eventreader\0.0.4\package.tgz C:\Users\Sven\AppData\Roaming\npm-cache\d40992d5-ws-eventreader-0-0-4-package-tgz.lock
19 silly lockFile 1f1177db-tar tar://.
20 silly lockFile 1f1177db-tar tar://.
21 silly lockFile d40992d5-ws-eventreader-0-0-4-package-tgz tar://C:\Users\Sven\AppData\Roaming\npm-cache\windows-eventreader\0.0.4\package.tgz
22 silly lockFile d40992d5-ws-eventreader-0-0-4-package-tgz tar://C:\Users\Sven\AppData\Roaming\npm-cache\windows-eventreader\0.0.4\package.tgz
23 silly lockFile c94013f5-indows-eventreader-0-0-4-package C:\Users\Sven\AppData\Roaming\npm-cache\windows-eventreader\0.0.4\package
24 verbose lock C:\Users\Sven\AppData\Roaming\npm-cache\windows-eventreader\0.0.4\package C:\Users\Sven\AppData\Roaming\npm-cache\c94013f5-indows-eventreader-0-0-4-package.lock
25 silly lockFile c94013f5-indows-eventreader-0-0-4-package C:\Users\Sven\AppData\Roaming\npm-cache\windows-eventreader\0.0.4\package
26 silly lockFile c94013f5-indows-eventreader-0-0-4-package C:\Users\Sven\AppData\Roaming\npm-cache\windows-eventreader\0.0.4\package
27 silly lockFile 3a52ce78- .
28 silly lockFile 3a52ce78- .
29 silly publish { name: 'windows-eventreader',
29 silly publish   version: '0.0.4',
29 silly publish   description: 'none yet',
29 silly publish   main: 'build/Release/EventReader.node',
29 silly publish   scripts:
29 silly publish    { test: 'echo "Error: no test specified" && exit 1',
29 silly publish      install: 'node-gyp rebuild' },
29 silly publish   author: { name: 'svennergr@gmail.com' },
29 silly publish   license: 'MIT',
29 silly publish   gypfile: true,
29 silly publish   _id: 'windows-eventreader@0.0.4',
29 silly publish   _from: '.',
29 silly publish   gitHead: '69f331a310fb747a6847197276c6a50321196f1b',
29 silly publish   readme: 'windows-eventreader\n=========\n\n\n> is a NodeJS module and will offer you the possibility to get access to windows EventLogs\n\nVersion\n----\n\n0.0.3\n\nTech\n====\n\nTo get things work, you will need:\n\n* [Python 2.7] - to build the module\n* [VisualStudio] - to build the module. At least version 2010 Express.\n\n\nInstallation\n====\n\n```javascript\nnpm install windows-eventreader\n```\n\n\nUseage\n=====\n\n\ngetLogs()\n-----\n\nreturns an array of readable EventLogs\n\n```javascript\n[ { displayName: \'Anwendung\',\n    logName: \'Application\',\n    entries: 9546 },\n  { displayName: \'Hardware-Ereignisse\',\n    logName: \'HardwareEvents\',\n    entries: 0 },\n  { displayName: \'Internet Explorer\',\n    logName: \'Internet Explorer\',\n    entries: 0 },\n  { displayName: \'Key Management Service\',\n    logName: \'Key Management Service\',\n    entries: 0 },\n  { displayName: \'Media Center\',\n    logName: \'Media Center\',\n    entries: 0 },\n  { displayName: \'Microsoft Office Alerts\',\n    logName: \'OAlerts\',\n    entries: 62 },\n  { displayName: \'PreEmptive\',\n    logName: \'PreEmptive\',\n    entries: 0 } ]\n```\n\nreadLog(logName, count, [timeStampFrom, [timeStampTo]])\n-----\n\nreturns an array of EventLogEntries\n\n```javascript\n[ { message: \'The Software Protection service has stopped.\\r\\n\',\n    source: \'Office Software Protection Platform Service\',\n    time: \'07.07.2014 20:12:29\',\n    displayName: \'Anwendung\',\n    logName: \'Application\',\n    entries: 9546,\n    category: \'(0)\',\n    entryType: \'0\',\n    userName: \'\',\n    machineName: \'Laptop2\' },\n  { message: \'Successfully scheduled Software Protection service for re-start at 2014-07-07T20:06:29Z. Reason: GVLK.\',\n    source: \'Office Software Protection Platform Service\',\n    time: \'07.07.2014 20:12:29\',\n    displayName: \'Anwendung\',\n    logName: \'Application\',\n    entries: 9546,\n    category: \'(0)\',\n    entryType: \'Information\',\n    userName: \'\',\n    machineName: \'Laptop2\' } ]\n```\n\n\nLicense\n====\n\nMIT\n\n[Windows Management Framework]:http://www.microsoft.com/de-de/download/details.aspx?id=40855\n[Python 2.7]:https://www.python.org/download/releases/2.7.6/\n[VisualStudio]:http://www.microsoft.com/visualstudio/eng/downloads#d-2010-express',
29 silly publish   readmeFilename: 'README.md',
29 silly publish   _shasum: '42cfb114ed1c3d04f010c5d2af7a8b1629cecd4d' }
30 verbose url raw windows-eventreader
31 verbose url resolving [ 'https://registry.npmjs.org/', './windows-eventreader' ]
32 verbose url resolved https://registry.npmjs.org/windows-eventreader
33 info trying registry request attempt 1 at 10:52:05
34 http PUT https://registry.npmjs.org/windows-eventreader
35 http 403 https://registry.npmjs.org/windows-eventreader
36 verbose headers { date: 'Tue, 15 Jul 2014 08:52:08 GMT',
36 verbose headers   server: 'CouchDB/1.5.0 (Erlang OTP/R14B04)',
36 verbose headers   'content-type': 'application/json',
36 verbose headers   'cache-control': 'max-age=30',
36 verbose headers   'content-length': '4731',
36 verbose headers   'accept-ranges': 'bytes',
36 verbose headers   via: '1.1 varnish',
36 verbose headers   'x-served-by': 'cache-fra1232-FRA',
36 verbose headers   'x-cache': 'MISS',
36 verbose headers   'x-cache-hits': '0',
36 verbose headers   'x-timer': 'S1405414325.429439,VS0,VE2878',
36 verbose headers   'keep-alive': 'timeout=10, max=50',
36 verbose headers   connection: 'Keep-Alive' }
37 error publish Failed PUT 403
38 error Error: forbidden cannot modify pre-existing version: 0.0.4
38 error old={"name":"windows-eventreader","version":"0.0.4","description":"a NodeJS module and will offer you the possibility to get access to windows EventLogs","main":"build/Release/EventReader.node","scripts":{"test":"echo \"Error: no test specified\" && exit 1","install":"node-gyp rebuild"},"author":{"name":"svennergr@gmail.com"},"repository":{"type":"git","url":"https://github.com/svennergr/windows-eventreader.git"},"license":"MIT","gypfile":true,"_id":"windows-eventreader@0.0.4","_from":".","bugs":{"url":"https://github.com/svennergr/windows-eventreader/issues"},"homepage":"https://github.com/svennergr/windows-eventreader","dist":{"shasum":"751dcb195ed5903057f24c1b581083098b7faa35","tarball":"http://registry.npmjs.org/windows-eventreader/-/windows-eventreader-0.0.4.tgz"},"_npmVersion":"1.4.3","_npmUser":{"name":"svennergr","email":"svennergr@gmail.com"},"maintainers":[{"name":"svennergr","email":"svennergr@gmail.com"}]}
38 error new={"name":"windows-eventreader","version":"0.0.4","description":"none yet","main":"build/Release/EventReader.node","scripts":{"test":"echo \"Error: no test specified\" && exit 1","install":"node-gyp rebuild"},"author":{"name":"svennergr@gmail.com"},"license":"MIT","gypfile":true,"_id":"windows-eventreader@0.0.4","_from":".","gitHead":"69f331a310fb747a6847197276c6a50321196f1b","readme":"windows-eventreader\u000a=========\u000a\u000a\u000a> is a NodeJS module and will offer you the possibility to get access to windows EventLogs\u000a\u000aVersion\u000a----\u000a\u000a0.0.3\u000a\u000aTech\u000a====\u000a\u000aTo get things work, you will need:\u000a\u000a* [Python 2.7] - to build the module\u000a* [VisualStudio] - to build the module. At least version 2010 Express.\u000a\u000a\u000aInstallation\u000a====\u000a\u000a```javascript\u000anpm install windows-eventreader\u000a```\u000a\u000a\u000aUseage\u000a=====\u000a\u000a\u000agetLogs()\u000a-----\u000a\u000areturns an array of readable EventLogs\u000a\u000a```javascript\u000a[ { displayName: 'Anwendung',\u000a    logName: 'Application',\u000a    entries: 9546 },\u000a  { displayName: 'Hardware-Ereignisse',\u000a    logName: 'HardwareEvents',\u000a    entries: 0 },\u000a  { displayName: 'Internet Explorer',\u000a    logName: 'Internet Explorer',\u000a    entries: 0 },\u000a  { displayName: 'Key Management Service',\u000a    logName: 'Key Management Service',\u000a    entries: 0 },\u000a  { displayName: 'Media Center',\u000a    logName: 'Media Center',\u000a    entries: 0 },\u000a  { displayName: 'Microsoft Office Alerts',\u000a    logName: 'OAlerts',\u000a    entries: 62 },\u000a  { displayName: 'PreEmptive',\u000a    logName: 'PreEmptive',\u000a    entries: 0 } ]\u000a```\u000a\u000areadLog(logName, count, [timeStampFrom, [timeStampTo]])\u000a-----\u000a\u000areturns an array of EventLogEntries\u000a\u000a```javascript\u000a[ { message: 'The Software Protection service has stopped.\\r\\n',\u000a    source: 'Office Software Protection Platform Service',\u000a    time: '07.07.2014 20:12:29',\u000a    displayName: 'Anwendung',\u000a    logName: 'Application',\u000a    entries: 9546,\u000a    category: '(0)',\u000a    entryType: '0',\u000a    userName: '',\u000a    machineName: 'Laptop2' },\u000a  { message: 'Successfully scheduled Software Protection service for re-start at 2014-07-07T20:06:29Z. Reason: GVLK.',\u000a    source: 'Office Software Protection Platform Service',\u000a    time: '07.07.2014 20:12:29',\u000a    displayName: 'Anwendung',\u000a    logName: 'Application',\u000a    entries: 9546,\u000a    category: '(0)',\u000a    entryType: 'Information',\u000a    userName: '',\u000a    machineName: 'Laptop2' } ]\u000a```\u000a\u000a\u000aLicense\u000a====\u000a\u000aMIT\u000a\u000a[Windows Management Framework]:http://www.microsoft.com/de-de/download/details.aspx?id=40855\u000a[Python 2.7]:https://www.python.org/download/releases/2.7.6/\u000a[VisualStudio]:http://www.microsoft.com/visualstudio/eng/downloads#d-2010-express","readmeFilename":"README.md","_shasum":"42cfb114ed1c3d04f010c5d2af7a8b1629cecd4d","_npmVersion":"1.4.14","_npmUser":{"name":"svennergr","email":"svennergr@gmail.com"},"maintainers":[{"name":"svennergr","email":"svennergr@gmail.com"}],"dist":{"shasum":"42cfb114ed1c3d04f010c5d2af7a8b1629cecd4d","tarball":"http://registry.npmjs.org/windows-eventreader/-/windows-eventreader-0.0.4.tgz"}}: windows-eventreader
38 error     at RegClient.<anonymous> (D:\Program Files\nodejs\node_modules\npm\node_modules\npm-registry-client\lib\request.js:274:14)
38 error     at Request._callback (D:\Program Files\nodejs\node_modules\npm\node_modules\npm-registry-client\lib\request.js:212:65)
38 error     at Request.self.callback (D:\Program Files\nodejs\node_modules\npm\node_modules\request\request.js:123:22)
38 error     at Request.emit (events.js:98:17)
38 error     at Request.<anonymous> (D:\Program Files\nodejs\node_modules\npm\node_modules\request\request.js:893:14)
38 error     at Request.emit (events.js:117:20)
38 error     at IncomingMessage.<anonymous> (D:\Program Files\nodejs\node_modules\npm\node_modules\request\request.js:844:12)
38 error     at IncomingMessage.emit (events.js:117:20)
38 error     at _stream_readable.js:929:16
38 error     at process._tickCallback (node.js:419:13)
39 error If you need help, you may report this *entire* log,
39 error including the npm and node versions, at:
39 error     <http://github.com/npm/npm/issues>
40 error System Windows_NT 6.1.7601
41 error command "D:\\Program Files\\nodejs\\\\node.exe" "D:\\Program Files\\nodejs\\node_modules\\npm\\bin\\npm-cli.js" "publish"
42 error cwd E:\BSC\windows-eventreader\windows-eventreader
43 error node -v v0.10.29
44 error npm -v 1.4.14
45 verbose exit [ 1, true ]
